<?xml version="1.0" encoding="UTF-8"?>
<!-- Generated by org.testng.reporters.JUnitXMLReporter -->
<testsuite ignored="0" hostname="DESKTOP-IKD2D8I" failures="1" tests="3" name="Test" time="79.317" errors="0" timestamp="2024-06-29T11:08:28 IST">
  <testcase classname="Campaigns.CreateCampaignTestWithTakesScreenshot" name="CreateCampaignTest" time="11.35">
    <skipped/>
  </testcase> <!-- CreateCampaignTest -->
  <testcase classname="Campaigns.CreateCampaignTestWithTakesScreenshot" name="CreateCampaignTest" time="6.879">
    <skipped/>
  </testcase> <!-- CreateCampaignTest -->
  <testcase classname="Campaigns.CreateCampaignTestWithTakesScreenshot" name="CreateCampaignTest" time="5.493">
    <failure type="java.lang.AssertionError" message="expected [true] but found [false]">
      <![CDATA[java.lang.AssertionError: expected [true] but found [false]
at Campaigns.CreateCampaignTestWithTakesScreenshot.CreateCampaignTest(CreateCampaignTestWithTakesScreenshot.java:48)
at java.base/java.util.ArrayList.forEach(ArrayList.java:1511)
... Removed 33 stack frames]]>
    </failure>
  </testcase> <!-- CreateCampaignTest -->
</testsuite> <!-- Test -->
